[    0.000000] Initializing cgroup subsys cpuset
[    0.000000] Initializing cgroup subsys cpu
[    0.000000] Initializing cgroup subsys cpuacct
[    0.000000] Linux version 4.4.0-210-generic (buildd@lgw01-amd64-009) (gcc version 5.4.0 20160609 (Ubuntu 5.4.0-6ubuntu1~16.04.12) ) #242-Ubuntu SMP Fri Apr 16 09:57:56 UTC 2021 (Ubuntu 4.4.0-210.242-generic 4.4.262)
[    0.000000] Command line: BOOT_IMAGE=/boot/vmlinuz-4.4.0-210-generic root=LABEL=cloudimg-rootfs ro console=tty1 console=ttyS0
[    0.000000] KERNEL supported cpus:
[    0.000000]   Intel GenuineIntel
[    0.000000]   AMD AuthenticAMD
[    0.000000]   Centaur CentaurHauls
[    0.000000] x86/fpu: xstate_offset[2]:  576, xstate_sizes[2]:  256
[    0.000000] x86/fpu: Supporting XSAVE feature 0x01: 'x87 floating point registers'
[    0.000000] x86/fpu: Supporting XSAVE feature 0x02: 'SSE registers'
[    0.000000] x86/fpu: Supporting XSAVE feature 0x04: 'AVX registers'
[    0.000000] x86/fpu: Enabled xstate features 0x7, context size is 832 bytes, using 'standard' format.
[    0.000000] e820: BIOS-provided physical RAM map:
[    0.000000] BIOS-e820: [mem 0x0000000000000000-0x000000000009fbff] usable
[    0.000000] BIOS-e820: [mem 0x000000000009fc00-0x000000000009ffff] reserved
[    0.000000] BIOS-e820: [mem 0x00000000000f0000-0x00000000000fffff] reserved
[    0.000000] BIOS-e820: [mem 0x0000000000100000-0x000000003ffeffff] usable
[    0.000000] BIOS-e820: [mem 0x000000003fff0000-0x000000003fffffff] ACPI data
[    0.000000] BIOS-e820: [mem 0x00000000fec00000-0x00000000fec00fff] reserved
[    0.000000] BIOS-e820: [mem 0x00000000fee00000-0x00000000fee00fff] reserved
[    0.000000] BIOS-e820: [mem 0x00000000fffc0000-0x00000000ffffffff] reserved
[    0.000000] NX (Execute Disable) protection: active
[    0.000000] SMBIOS 2.5 present.
[    0.000000] Hypervisor detected: KVM
[    0.000000] Kernel/User page tables isolation: disabled
[    0.000000] e820: last_pfn = 0x3fff0 max_arch_pfn = 0x400000000
[    0.000000] MTRR: Disabled
[    0.000000] x86/PAT: MTRRs disabled, skipping PAT initialization too.
[    0.000000] CPU MTRRs all blank - virtualized system.
[    0.000000] x86/PAT: Configuration [0-7]: WB  WT  UC- UC  WB  WT  UC- UC  
[    0.000000] found SMP MP-table at [mem 0x0009fff0-0x0009ffff] mapped at [ffff88000009fff0]
[    0.000000] Scanning 1 areas for low memory corruption
[    0.000000] RAMDISK: [mem 0x362dc000-0x37165fff]
[    0.000000] ACPI: Early table checksum verification disabled
[    0.000000] ACPI: RSDP 0x00000000000E0000 000024 (v02 VBOX  )
[    0.000000] ACPI: XSDT 0x000000003FFF0030 00003C (v01 VBOX   VBOXXSDT 00000001 ASL  00000061)
[    0.000000] ACPI: FACP 0x000000003FFF00F0 0000F4 (v04 VBOX   VBOXFACP 00000001 ASL  00000061)
[    0.000000] ACPI: DSDT 0x000000003FFF0610 002353 (v02 VBOX   VBOXBIOS 00000002 INTL 20100528)
[    0.000000] ACPI: FACS 0x000000003FFF0200 000040
[    0.000000] ACPI: FACS 0x000000003FFF0200 000040
[    0.000000] ACPI: APIC 0x000000003FFF0240 00005C (v02 VBOX   VBOXAPIC 00000001 ASL  00000061)
[    0.000000] ACPI: SSDT 0x000000003FFF02A0 00036C (v01 VBOX   VBOXCPUT 00000002 INTL 20100528)
[    0.000000] No NUMA configuration found
[    0.000000] Faking a node at [mem 0x0000000000000000-0x000000003ffeffff]
[    0.000000] NODE_DATA(0) allocated [mem 0x3ffeb000-0x3ffeffff]
[    0.000000] kvm-clock: Using msrs 4b564d01 and 4b564d00
[    0.000000] kvm-clock: cpu 0, msr 0:3ffe3001, primary cpu clock
[    0.000000] kvm-clock: using sched offset of 3103465657 cycles
[    0.000000] clocksource: kvm-clock: mask: 0xffffffffffffffff max_cycles: 0x1cd42e4dffb, max_idle_ns: 881590591483 ns
[    0.000000] Zone ranges:
[    0.000000]   DMA      [mem 0x0000000000001000-0x0000000000ffffff]
[    0.000000]   DMA32    [mem 0x0000000001000000-0x000000003ffeffff]
[    0.000000]   Normal   empty
[    0.000000]   Device   empty
[    0.000000] Movable zone start for each node
[    0.000000] Early memory node ranges
[    0.000000]   node   0: [mem 0x0000000000001000-0x000000000009efff]
[    0.000000]   node   0: [mem 0x0000000000100000-0x000000003ffeffff]
[    0.000000] Initmem setup node 0 [mem 0x0000000000001000-0x000000003ffeffff]
[    0.000000] ACPI: PM-Timer IO Port: 0x4008
[    0.000000] IOAPIC[0]: apic_id 2, version 32, address 0xfec00000, GSI 0-23
[    0.000000] ACPI: INT_SRC_OVR (bus 0 bus_irq 0 global_irq 2 dfl dfl)
[    0.000000] ACPI: INT_SRC_OVR (bus 0 bus_irq 9 global_irq 9 low level)
[    0.000000] Using ACPI (MADT) for SMP configuration information
[    0.000000] smpboot: Allowing 2 CPUs, 0 hotplug CPUs
[    0.000000] PM: Registered nosave memory: [mem 0x00000000-0x00000fff]
[    0.000000] PM: Registered nosave memory: [mem 0x0009f000-0x0009ffff]
[    0.000000] PM: Registered nosave memory: [mem 0x000a0000-0x000effff]
[    0.000000] PM: Registered nosave memory: [mem 0x000f0000-0x000fffff]
[    0.000000] e820: [mem 0x40000000-0xfebfffff] available for PCI devices
[    0.000000] Booting paravirtualized kernel on KVM
[    0.000000] clocksource: refined-jiffies: mask: 0xffffffff max_cycles: 0xffffffff, max_idle_ns: 7645519600211568 ns
[    0.000000] setup_percpu: NR_CPUS:512 nr_cpumask_bits:512 nr_cpu_ids:2 nr_node_ids:1
[    0.000000] PERCPU: Embedded 33 pages/cpu @ffff88003fc00000 s95192 r8192 d31784 u1048576
[    0.000000] Built 1 zonelists in Node order, mobility grouping on.  Total pages: 257912
[    0.000000] Policy zone: DMA32
[    0.000000] Kernel command line: BOOT_IMAGE=/boot/vmlinuz-4.4.0-210-generic root=LABEL=cloudimg-rootfs ro console=tty1 console=ttyS0
[    0.000000] PID hash table entries: 4096 (order: 3, 32768 bytes)
[    0.000000] Memory: 997792K/1048120K available (8644K kernel code, 1332K rwdata, 4044K rodata, 1492K init, 1164K bss, 50328K reserved, 0K cma-reserved)
[    0.000000] SLUB: HWalign=64, Order=0-3, MinObjects=0, CPUs=2, Nodes=1
[    0.000000] Hierarchical RCU implementation.
[    0.000000] 	Build-time adjustment of leaf fanout to 64.
[    0.000000] 	RCU restricting CPUs from NR_CPUS=512 to nr_cpu_ids=2.
[    0.000000] RCU: Adjusting geometry for rcu_fanout_leaf=64, nr_cpu_ids=2
[    0.000000] NR_IRQS:33024 nr_irqs:440 16
[    0.000000] Console: colour VGA+ 80x25
[    0.000000] console [tty1] enabled
[    0.000000] console [ttyS0] enabled
[    0.000000] tsc: Detected 2111.998 MHz processor
[    0.152435] Calibrating delay loop (skipped) preset value.. 4223.99 BogoMIPS (lpj=8447992)
[    0.154226] pid_max: default: 32768 minimum: 301
[    0.155144] ACPI: Core revision 20150930
[    0.157035] ACPI: 2 ACPI AML tables successfully acquired and loaded
[    0.158347] Security Framework initialized
[    0.159149] Yama: becoming mindful.
[    0.159931] AppArmor: AppArmor initialized
[    0.160829] Dentry cache hash table entries: 131072 (order: 8, 1048576 bytes)
[    0.162273] Inode-cache hash table entries: 65536 (order: 7, 524288 bytes)
[    0.167253] Mount-cache hash table entries: 2048 (order: 2, 16384 bytes)
[    0.168523] Mountpoint-cache hash table entries: 2048 (order: 2, 16384 bytes)
[    0.169876] Initializing cgroup subsys io
[    0.170672] Initializing cgroup subsys memory
[    0.171516] Initializing cgroup subsys devices
[    0.172459] Initializing cgroup subsys freezer
[    0.173311] Initializing cgroup subsys net_cls
[    0.174158] Initializing cgroup subsys perf_event
[    0.175241] Initializing cgroup subsys net_prio
[    0.176183] Initializing cgroup subsys hugetlb
[    0.177080] Initializing cgroup subsys pids
[    0.190984] mce: CPU supports 0 MCE banks
[    0.191948] Last level iTLB entries: 4KB 64, 2MB 8, 4MB 8
[    0.192936] Last level dTLB entries: 4KB 64, 2MB 0, 4MB 0, 1GB 4
[    0.194029] Spectre V1 : Mitigation: usercopy/swapgs barriers and __user pointer sanitization
[    0.195656] Spectre V2 : Mitigation: Full generic retpoline
[    0.196894] Spectre V2 : Spectre v2 / SpectreRSB mitigation: Filling RSB on context switch
[    0.198475] Speculative Store Bypass: Vulnerable
[    0.199352] SRBDS: Mitigation: TSX disabled
[    0.202738] Freeing SMP alternatives memory: 36K
[    0.209602] ftrace: allocating 32380 entries in 127 pages
[    0.267083] smpboot: APIC(0) Converting physical 0 to logical package 0
[    0.268683] smpboot: Max logical packages: 1
[    0.269868] x2apic enabled
[    0.270732] Switched APIC routing to physical x2apic.
[    0.272727] ..TIMER: vector=0x30 apic1=0 pin1=2 apic2=-1 pin2=-1
[    0.381857] smpboot: CPU0: Intel(R) Core(TM) i5-10210U CPU @ 1.60GHz (family: 0x6, model: 0x8e, stepping: 0xc)
[    0.384244] Performance Events: unsupported p6 CPU model 142 no PMU driver, software events only.
[    0.394610] KVM setup paravirtual spinlock
[    0.396326] x86: Booting SMP configuration:
[    0.397095] .... node  #0, CPUs:      #1
[    0.398114] kvm-clock: cpu 1, msr 0:3ffe3041, secondary cpu clock
[    0.408824] mce: CPU supports 0 MCE banks
[    0.411414] x86: Booted up 1 node, 2 CPUs
[    0.412462] smpboot: Total of 2 processors activated (8447.99 BogoMIPS)
[    0.413865] devtmpfs: initialized
[    0.416237] evm: security.selinux
[    0.416894] evm: security.SMACK64
[    0.417643] evm: security.SMACK64EXEC
[    0.418372] evm: security.SMACK64TRANSMUTE
[    0.419113] evm: security.SMACK64MMAP
[    0.419796] evm: security.ima
[    0.420397] evm: security.capability
[    0.421230] clocksource: jiffies: mask: 0xffffffff max_cycles: 0xffffffff, max_idle_ns: 7645041785100000 ns
[    0.422883] futex hash table entries: 512 (order: 3, 32768 bytes)
[    0.423981] pinctrl core: initialized pinctrl subsystem
[    0.425029] RTC time: 13:13:59, date: 05/10/23
[    0.429145] NET: Registered protocol family 16
[    0.444419] cpuidle: using governor ladder
[    0.455079] cpuidle: using governor menu
[    0.455889] PCCT header not found.
[    0.456750] ACPI: bus type PCI registered
[    0.457498] acpiphp: ACPI Hot Plug PCI Controller Driver version: 0.5
[    0.458671] PCI: Using configuration type 1 for base access
[    0.470390] ACPI: Added _OSI(Module Device)
[    0.471300] ACPI: Added _OSI(Processor Device)
[    0.472187] ACPI: Added _OSI(3.0 _SCP Extensions)
[    0.472986] ACPI: Added _OSI(Processor Aggregator Device)
[    0.474506] ACPI: Executed 1 blocks of module-level executable AML code
[    0.477908] ACPI: Interpreter enabled
[    0.478661] ACPI: (supports S0 S5)
[    0.479321] ACPI: Using IOAPIC for interrupt routing
[    0.480351] PCI: Using host bridge windows from ACPI; if necessary, use "pci=nocrs" and report a bug
[    0.485134] ACPI: PCI Root Bridge [PCI0] (domain 0000 [bus 00-ff])
[    0.486523] acpi PNP0A03:00: _OSC: OS supports [ASPM ClockPM Segments MSI]
[    0.487875] acpi PNP0A03:00: _OSC: not requesting OS control; OS requires [ExtendedConfig ASPM ClockPM MSI]
[    0.489498] acpi PNP0A03:00: fail to add MMCONFIG information, can't access extended PCI configuration space under this bridge.
[    0.491681] PCI host bridge to bus 0000:00
[    0.492447] pci_bus 0000:00: root bus resource [io  0x0000-0x0cf7 window]
[    0.493712] pci_bus 0000:00: root bus resource [io  0x0d00-0xffff window]
[    0.494812] pci_bus 0000:00: root bus resource [mem 0x000a0000-0x000bffff window]
[    0.496354] pci_bus 0000:00: root bus resource [mem 0x40000000-0xfdffffff window]
[    0.497772] pci_bus 0000:00: root bus resource [bus 00-ff]
[    0.500286] pci 0000:00:01.1: legacy IDE quirk: reg 0x10: [io  0x01f0-0x01f7]
[    0.501409] pci 0000:00:01.1: legacy IDE quirk: reg 0x14: [io  0x03f6]
[    0.502468] pci 0000:00:01.1: legacy IDE quirk: reg 0x18: [io  0x0170-0x0177]
[    0.503637] pci 0000:00:01.1: legacy IDE quirk: reg 0x1c: [io  0x0376]
[    0.525151] pci 0000:00:07.0: quirk: [io  0x4000-0x403f] claimed by PIIX4 ACPI
[    0.526734] pci 0000:00:07.0: quirk: [io  0x4100-0x410f] claimed by PIIX4 SMB
[    0.535710] ACPI: PCI Interrupt Link [LNKA] (IRQs 5 9 10 *11)
[    0.537320] ACPI: PCI Interrupt Link [LNKB] (IRQs 5 9 *10 11)
[    0.538722] ACPI: PCI Interrupt Link [LNKC] (IRQs 5 *9 10 11)
[    0.540213] ACPI: PCI Interrupt Link [LNKD] (IRQs 5 9 10 *11)
[    0.541556] ACPI: Enabled 2 GPEs in block 00 to 07
[    0.542730] vgaarb: setting as boot device: PCI:0000:00:02.0
[    0.544005] vgaarb: device added: PCI:0000:00:02.0,decodes=io+mem,owns=io+mem,locks=none
[    0.545887] vgaarb: loaded
[    0.546824] vgaarb: bridge control possible 0000:00:02.0
[    0.548443] SCSI subsystem initialized
[    0.549584] ACPI: bus type USB registered
[    0.550454] usbcore: registered new interface driver usbfs
[    0.551539] usbcore: registered new interface driver hub
[    0.552482] usbcore: registered new device driver usb
[    0.553555] PCI: Using ACPI for IRQ routing
[    0.554588] NetLabel: Initializing
[    0.555272] NetLabel:  domain hash size = 128
[    0.556071] NetLabel:  protocols = UNLABELED CIPSOv4
[    0.556985] NetLabel:  unlabeled traffic allowed by default
[    0.558080] amd_nb: Cannot enumerate AMD northbridges
[    0.558976] clocksource: Switched to clocksource kvm-clock
[    0.569896] AppArmor: AppArmor Filesystem Enabled
[    0.570808] pnp: PnP ACPI init
[    0.572124] pnp: PnP ACPI: found 3 devices
[    0.581744] clocksource: acpi_pm: mask: 0xffffff max_cycles: 0xffffff, max_idle_ns: 2085701024 ns
[    0.583339] NET: Registered protocol family 2
[    0.584322] TCP established hash table entries: 8192 (order: 4, 65536 bytes)
[    0.585494] TCP bind hash table entries: 8192 (order: 5, 131072 bytes)
[    0.586701] TCP: Hash tables configured (established 8192 bind 8192)
[    0.587846] UDP hash table entries: 512 (order: 2, 16384 bytes)
[    0.588825] UDP-Lite hash table entries: 512 (order: 2, 16384 bytes)
[    0.589905] NET: Registered protocol family 1
[    0.590680] pci 0000:00:00.0: Limiting direct PCI/PCI transfers
[    0.591677] pci 0000:00:01.0: Activating ISA DMA hang workarounds
[    0.595577] Unpacking initramfs...
[    0.839029] Freeing initrd memory: 14888K
[    0.840032] clocksource: tsc: mask: 0xffffffffffffffff max_cycles: 0x1e71768ef8b, max_idle_ns: 440795218977 ns
[    0.841939] platform rtc_cmos: registered platform RTC device (no PNP device found)
[    0.843609] Scanning for low memory corruption every 60 seconds
[    0.844955] audit: initializing netlink subsys (disabled)
[    0.846054] audit: type=2000 audit(1683724444.524:1): initialized
[    0.847406] Initialise system trusted keyring
[    0.848382] HugeTLB registered 2 MB page size, pre-allocated 0 pages
[    0.850604] zbud: loaded
[    0.851842] VFS: Disk quotas dquot_6.6.0
[    0.852859] VFS: Dquot-cache hash table entries: 512 (order 0, 4096 bytes)
[    0.854687] squashfs: version 4.0 (2009/01/31) Phillip Lougher
[    0.859517] fuse init (API version 7.23)
[    0.860463] Key type big_key registered
[    0.861360] Allocating IMA MOK and blacklist keyrings.
[    0.863378] Key type asymmetric registered
[    0.864478] Asymmetric key parser 'x509' registered
[    0.865870] Block layer SCSI generic (bsg) driver version 0.4 loaded (major 249)
[    0.867512] io scheduler noop registered
[    0.868378] io scheduler deadline registered (default)
[    0.869408] io scheduler cfq registered
[    0.870302] pci_hotplug: PCI Hot Plug PCI Core version: 0.5
[    0.871383] pciehp: PCI Express Hot Plug Controller Driver version: 0.4
[    0.872667] ACPI: AC Adapter [AC] (on-line)
[    0.873596] input: Power Button as /devices/LNXSYSTM:00/LNXPWRBN:00/input/input0
[    0.875100] ACPI: Power Button [PWRF]
[    0.876169] input: Sleep Button as /devices/LNXSYSTM:00/LNXSLPBN:00/input/input1
[    0.877706] ACPI: Sleep Button [SLPF]
[    0.878683] GHES: HEST is not enabled!
[    0.879579] ACPI: Battery Slot [BAT0] (battery present)
[    0.879592] Serial: 8250/16550 driver, 32 ports, IRQ sharing enabled
[    0.900692] 00:02: ttyS0 at I/O 0x3f8 (irq = 4, base_baud = 115200) is a 16550A
[    0.902862] Linux agpgart interface v0.103
[    0.905790] loop: module loaded
[    0.907110] scsi host0: ata_piix
[    0.907863] scsi host1: ata_piix
[    0.908701] ata1: PATA max UDMA/33 cmd 0x1f0 ctl 0x3f6 bmdma 0xd000 irq 14
[    0.909880] ata2: PATA max UDMA/33 cmd 0x170 ctl 0x376 bmdma 0xd008 irq 15
[    0.911173] libphy: Fixed MDIO Bus: probed
[    0.911978] tun: Universal TUN/TAP device driver, 1.6
[    0.912944] tun: (C) 1999-2004 Max Krasnyansky <maxk@qualcomm.com>
[    0.914132] PPP generic driver version 2.4.2
[    0.915035] ehci_hcd: USB 2.0 'Enhanced' Host Controller (EHCI) Driver
[    0.916215] ehci-pci: EHCI PCI platform driver
[    0.917124] ehci-platform: EHCI generic platform driver
[    0.918134] ohci_hcd: USB 1.1 'Open' Host Controller (OHCI) Driver
[    0.919233] ohci-pci: OHCI PCI platform driver
[    0.920129] ohci-platform: OHCI generic platform driver
[    0.921094] uhci_hcd: USB Universal Host Controller Interface driver
[    0.922262] i8042: PNP: PS/2 Controller [PNP0303:PS2K,PNP0f03:PS2M] at 0x60,0x64 irq 1,12
[    0.924305] serio: i8042 KBD port at 0x60,0x64 irq 1
[    0.925292] serio: i8042 AUX port at 0x60,0x64 irq 12
[    0.926726] mousedev: PS/2 mouse device common for all mice
[    0.928238] rtc_cmos rtc_cmos: rtc core: registered rtc_cmos as rtc0
[    0.929486] rtc_cmos rtc_cmos: alarms up to one day, 114 bytes nvram
[    0.930763] input: AT Translated Set 2 keyboard as /devices/platform/i8042/serio0/input/input2
[    0.932442] i2c /dev entries driver
[    0.933258] device-mapper: uevent: version 1.0.3
[    0.934222] device-mapper: ioctl: 4.34.0-ioctl (2015-10-28) initialised: dm-devel@redhat.com
[    0.935919] ledtrig-cpu: registered to indicate activity on CPUs
[    0.937374] NET: Registered protocol family 10
[    0.938412] NET: Registered protocol family 17
[    0.939285] Key type dns_resolver registered
[    0.940553] registered taskstats version 1
[    0.941446] Loading compiled-in X.509 certificates
[    0.942941] Loaded X.509 cert 'Build time autogenerated kernel key: cf00e047681d67edb2720680708b7d9498083038'
[    0.944875] zswap: loaded using pool lzo/zbud
[    0.947557] Key type trusted registered
[    0.950796] Key type encrypted registered
[    0.951650] AppArmor: AppArmor sha1 policy hashing enabled
[    0.952646] ima: No TPM chip found, activating TPM-bypass!
[    0.953696] ima: Allocated hash algorithm: sha1
[    0.954586] evm: HMAC attrs: 0x1
[    0.955646]   Magic number: 7:291:230
[    0.956521] rtc_cmos rtc_cmos: setting system clock to 2023-05-10 13:14:00 UTC (1683724440)
[    0.958260] BIOS EDD facility v0.16 2004-Jun-25, 0 devices found
[    0.959459] EDD information not available.
[    1.090609] Freeing unused kernel memory: 1492K
[    1.091677] Write protecting the kernel read-only data: 14336k
[    1.093088] Freeing unused kernel memory: 1584K
[    1.093981] Freeing unused kernel memory: 52K
Loading, please wait...
starting version 229
[    1.105104] random: systemd-udevd: uninitialized urandom read (16 bytes read, 3 bits of entropy available)
[    1.105946] random: udevadm: uninitialized urandom read (16 bytes read, 3 bits of entropy available)
[    1.105966] random: udevadm: uninitialized urandom read (16 bytes read, 3 bits of entropy available)
[    1.110242] random: systemd-udevd: uninitialized urandom read (16 bytes read, 3 bits of entropy available)
[    1.111497] random: udevadm: uninitialized urandom read (16 bytes read, 3 bits of entropy available)
[    1.111535] random: udevadm: uninitialized urandom read (16 bytes read, 3 bits of entropy available)
[    1.111632] random: udevadm: uninitialized urandom read (16 bytes read, 3 bits of entropy available)
[    1.111696] random: udevadm: uninitialized urandom read (16 bytes read, 3 bits of entropy available)
[    1.111739] random: udevadm: uninitialized urandom read (16 bytes read, 3 bits of entropy available)
[    1.111778] random: udevadm: uninitialized urandom read (16 bytes read, 3 bits of entropy available)
[    1.150034] e1000: Intel(R) PRO/1000 Network Driver - version 7.3.21-k8-NAPI
[    1.151451] e1000: Copyright (c) 1999-2006 Intel Corporation.
[    1.154398] Fusion MPT base driver 3.04.20
[    1.155425] Copyright (c) 1999-2008 LSI Corporation
[    1.163453] Fusion MPT SPI Host driver 3.04.20
[    1.172188] AVX2 version of gcm_enc/dec engaged.
[    1.173127] AES CTR mode by8 optimization enabled
[    1.383871] input: ImExPS/2 Generic Explorer Mouse as /devices/platform/i8042/serio1/input/input4
[    1.882134] e1000 0000:00:03.0 eth0: (PCI:33MHz:32-bit) 02:be:82:6b:cc:1d
[    1.888593] e1000 0000:00:03.0 eth0: Intel(R) PRO/1000 Network Connection
[    2.554355] e1000 0000:00:08.0 eth1: (PCI:33MHz:32-bit) 08:00:27:e2:a0:69
[    2.558148] e1000 0000:00:08.0 eth1: Intel(R) PRO/1000 Network Connection
[    2.561355] mptbase: ioc0: Initiating bringup
[    2.561770] e1000 0000:00:08.0 enp0s8: renamed from eth1
[    2.579847] e1000 0000:00:03.0 enp0s3: renamed from eth0
[    2.644353] ioc0: LSI53C1030 A0: Capabilities={Initiator}
[    2.815767] scsi host2: ioc0: LSI53C1030 A0, FwRev=00000000h, Ports=1, MaxQ=256, IRQ=20
[    2.930693] scsi 2:0:0:0: Direct-Access     VBOX     HARDDISK         1.0  PQ: 0 ANSI: 5
[    2.939105] scsi target2:0:0: Beginning Domain Validation
[    2.946927] scsi target2:0:0: Domain Validation skipping write tests
[    2.949325] scsi target2:0:0: Ending Domain Validation
[    2.951147] scsi target2:0:0: asynchronous
[    2.952501] scsi 2:0:1:0: Direct-Access     VBOX     HARDDISK         1.0  PQ: 0 ANSI: 5
[    2.954426] scsi target2:0:1: Beginning Domain Validation
[    2.964642] scsi target2:0:1: Domain Validation skipping write tests
[    2.965777] scsi target2:0:1: Ending Domain Validation
[    2.966657] scsi target2:0:1: asynchronous
[    2.972299] sd 2:0:0:0: Attached scsi generic sg0 type 0
[    2.973312] sd 2:0:0:0: [sda] 83886080 512-byte logical blocks: (42.9 GB/40.0 GiB)
[    2.974804] sd 2:0:1:0: [sdb] 20480 512-byte logical blocks: (10.5 MB/10.0 MiB)
[    2.975063] sd 2:0:1:0: Attached scsi generic sg1 type 0
[    2.975243] sd 2:0:0:0: [sda] Write Protect is off
[    2.975320] sd 2:0:0:0: [sda] Incomplete mode parameter data
[    2.975321] sd 2:0:0:0: [sda] Assuming drive cache: write through
[    2.980081] sd 2:0:1:0: [sdb] Write Protect is off
[    2.980963]  sda: sda1
[    2.981496] sd 2:0:1:0: [sdb] Incomplete mode parameter data
[    2.981984] sd 2:0:0:0: [sda] Attached SCSI disk
[    2.983195] sd 2:0:1:0: [sdb] Assuming drive cache: write through
[    2.986854] sd 2:0:1:0: [sdb] Attached SCSI disk
Begin: Loading essential drivers ... [    4.266930] md: linear personality registered for level -1
[    4.269766] md: multipath personality registered for level -4
[    4.272558] md: raid0 personality registered for level 0
[    4.276584] md: raid1 personality registered for level 1
[    4.347878] raid6: sse2x1   gen() 11432 MB/s
[    4.415276] raid6: sse2x1   xor()  7573 MB/s
[    4.483772] raid6: sse2x2   gen() 15946 MB/s
[    4.551148] raid6: sse2x2   xor() 10361 MB/s
[    4.619053] raid6: sse2x4   gen() 17265 MB/s
[    4.686991] raid6: sse2x4   xor() 10764 MB/s
[    4.755135] raid6: avx2x1   gen() 22919 MB/s
[    4.823129] raid6: avx2x2   gen() 29228 MB/s
[    4.891823] raid6: avx2x4   gen() 32737 MB/s
[    4.892659] raid6: using algorithm avx2x4 gen() 32737 MB/s
[    4.894156] raid6: using avx2x2 recovery algorithm
[    4.896814] xor: automatically using best checksumming function:
[    5.009744]    avx       : 99769.000 MB/sec
[    5.011880] async_tx: api initialized (async)
[    5.021448] md: raid6 personality registered for level 6
[    5.022504] md: raid5 personality registered for level 5
[    5.023427] md: raid4 personality registered for level 4
[    5.028936] md: raid10 personality registered for level 10
done.
Begin: Running /scripts/init-premount ... done.
Begin: Mounting root file system ... Begin: Running /scripts/local-top ... done.
Begin: Running /scripts/local-premount ... [    5.052249] Btrfs loaded
Scanning for Btrfs filesystems
done.
Warning: fsck not present, so skipping root file system
[    5.086904] EXT4-fs (sda1): mounted filesystem with ordered data mode. Opts: (null)
done.
Begin: Running /scripts/local-bottom ... done.
Begin: Running /scripts/init-bottom ... done.
[    5.147574] systemd[1]: systemd 229 running in system mode. (+PAM +AUDIT +SELINUX +IMA +APPARMOR +SMACK +SYSVINIT +UTMP +LIBCRYPTSETUP +GCRYPT +GNUTLS +ACL +XZ -LZ4 +SECCOMP +BLKID +ELFUTILS +KMOD -IDN)
[    5.150545] systemd[1]: Detected virtualization oracle.
[    5.151417] systemd[1]: Detected architecture x86-64.

Welcome to [1mUbuntu 16.04.7 LTS[0m!

[    5.154531] systemd[1]: Set hostname to <ubuntu>.
[    5.157103] systemd[1]: Initializing machine ID from random generator.
[    5.158171] systemd[1]: Installed transient /etc/machine-id file.
[    5.250406] systemd[1]: Listening on udev Control Socket.
[[0;32m  OK  [0m] Listening on udev Control Socket.
[    5.252480] systemd[1]: Created slice System Slice.
[[0;32m  OK  [0m] Created slice System Slice.
[    5.254104] systemd[1]: Listening on udev Kernel Socket.
[[0;32m  OK  [0m] Listening on udev Kernel Socket.
[    5.256049] systemd[1]: Started Forward Password Requests to Wall Directory Watch.
[[0;32m  OK  [0m] Started Forward Password Requests to Wall Directory Watch.
[    5.258469] systemd[1]: Listening on Journal Audit Socket.
[[0;32m  OK  [0m] Listening on Journal Audit Socket.
[    5.260248] systemd[1]: Set up automount Arbitrary Executable File Formats File System Automount Point.
[[0;32m  OK  [0m] Set up automount Arbitrary Executab...ats File System Automount Point.
[    5.262806] systemd[1]: Listening on Journal Socket.
[[0;32m  OK  [0m] Listening on Journal Socket.
[    5.284102] systemd[1]: Mounting POSIX Message Queue File System...
         Mounting POSIX Message Queue File System...
[    5.291641] systemd[1]: Mounting Debug File System...
         Mounting Debug File System...
[    5.293305] systemd[1]: Started Trigger resolvconf update for networkd DNS.
[[0;32m  OK  [0m] Started Trigger resolvconf update for networkd DNS.
[    5.295320] systemd[1]: Listening on Device-mapper event daemon FIFOs.
[[0;32m  OK  [0m] Listening on Device-mapper event daemon FIFOs.
[    5.297708] systemd[1]: Starting Uncomplicated firewall...
         Starting Uncomplicated firewall...
[    5.299379] systemd[1]: Reached target User and Group Name Lookups.
[[0;32m  OK  [0m] Reached target User and Group Name Lookups.
[    5.301757] systemd[1]: Mounting Huge Pages File System...
         Mounting Huge Pages File System...
[    5.303374] systemd[1]: Listening on Journal Socket (/dev/log).
[[0;32m  OK  [0m] Listening on Journal Socket (/dev/log).
[    5.305156] systemd[1]: Listening on fsck to fsckd communication Socket.
[[0;32m  OK  [0m] Listening on fsck to fsckd communication Socket.
[    5.307882] systemd[1]: Starting File System Check on Root Device...
         Starting File System Check on Root Device...
[    5.310125] systemd[1]: Starting Nameserver information manager...
         Starting Nameserver information manager...
[    5.312087] systemd[1]: Created slice User and Session Slice.
[[0;32m  OK  [0m] Created slice User and Session Slice.
[    5.313914] systemd[1]: Reached target Slices.
[[0;32m  OK  [0m] Reached target Slices.
[    5.319891] systemd[1]: Starting Load Kernel Modules...
         Starting Load Kernel Modules...
[    5.321441] systemd[1]: Reached target Swap.
[[0;32m  OK  [0m] Reached target Swap.
[    5.323411] systemd[1]: Reached target System Time Synchronized.
[[0;32m  OK  [0m] Reached target System Time Synchronized.
[    5.325462] systemd[1]: Listening on LVM2 metadata daemon socket.
[[0;32m  OK  [0m] Listening on LVM2 metadata daemon socket.
[    5.327903] systemd[1]: Starting Create list of required static device nodes for the current kernel...
         Starting Create list of required st... nodes for the current kernel...
[    5.330621] systemd[1]: Created slice system-serial\x2dgetty.slice.
[[0;32m  OK  [0m] Created slice system-serial\x2dgetty.slice.
[    5.333105] systemd[1]: Starting Set console keymap...
         Starting Set console keymap...
[    5.335223] systemd[1]: Starting Monitoring of LVM2 mirrors, snapshots etc. using dmeventd or progress polling...
         Starting Monitoring of LVM2 mirrors... dmeventd or progress polling...
[    5.337887] Loading iSCSI transport class v2.0-870.
[    5.340265] systemd[1]: Listening on LVM2 poll daemon socket.
[[0;32m  OK  [0m] Listening on LVM2 poll daemon socket.
[    5.342160] systemd[1]: Reached target Encrypted Volumes.
[[0;32m  OK  [0m] Reached target Encrypted Volumes.
[    5.343976] systemd[1]: Listening on /dev/initctl Compatibility Named Pipe.
[[0;32m  OK  [0m] Listening on /dev/initctl Compatibility Named Pipe.
[    5.346030] systemd[1]: Listening on Syslog Socket.
[[0;32m  OK  [0m] Listening on Syslog Socket.
[    5.348252] systemd[1]: Starting Journal Service...
         Starting Journal Service...
[    5.349835] iscsi: registered transport (tcp)
[    5.351162] systemd[1]: Mounted Huge Pages File System.
[[0;32m  OK  [0m] Mounted Huge Pages File System.
[    5.352893] systemd[1]: Mounted POSIX Message Queue File System.
[[0;32m  OK  [0m] Mounted POSIX Message Queue File System.
[    5.355226] systemd[1]: Mounted Debug File System.
[[0;32m  OK  [0m] Mounted Debug File System.
[    5.360982] systemd[1]: Started Uncomplicated firewall.
[[0;32m  OK  [0m] Started Uncomplicated firewall.
[    5.364447] systemd[1]: Started File System Check on Root Device.
[[0;32m  OK  [0m] Started File System Check on Root Device.
[    5.381893] systemd[1]: Started Create list of required static device nodes for the current kernel.
[[0;32m  OK  [0m] Started Create list of required sta...ce nodes for the current kernel.
[    5.386442] systemd[1]: Started LVM2 metadata daemon.
[[0;32m  OK  [0m] Started LVM2 metadata daemon.
[    5.390297] systemd[1]: Started File System Check Daemon to report status.
[[0;32m  OK  [0m] Started File System Check Daemon to report status.
[    5.392938] systemd[1]: Starting Create Static Device Nodes in /dev...
         Starting Create Static Device Nodes in /dev...
[    5.397389] systemd[1]: Starting Remount Root and Kernel File Systems...
         Starting Remount Root and Kernel File Systems...[    5.400637] EXT4-fs (sda1): re-mounted. Opts: (null)

[    5.402740] systemd[1]: Started Journal Service.
[[0;32m  OK  [0m] Started Journal Service.
[[0;32m  OK  [0m] Started Set console keymap.
[[0;32m  OK  [0m] Started Nameserver information manager.
[[0;32m  OK  [0m] Started Create Static Device Nodes in /dev.
[[0;32m  OK  [0m] Started Remount Root and Kernel File Systems.
         Starting udev Coldplug all Devices...
         Starting Load/Save Random Seed...
         Starting udev Kernel Device Manager...
         Starting Flush Journal to Persistent Storage...
[[0;32m  OK  [0m] Started Load/Save Random Seed.
[    5.435597] systemd-journald[399]: Received request to flush runtime journal from PID 1
[    5.435680] iscsi: registered transport (iser)
[[0;32m  OK  [0m] Started Flush Journal to Persistent Storage.
[[0;32m  OK  [0m] Started Load Kernel Modules.
         Mounting FUSE Control File System...
         Starting Apply Kernel Variables...
[[0;32m  OK  [0m] Mounted FUSE Control File System.
[[0;32m  OK  [0m] Started Apply Kernel Variables.
[[0;32m  OK  [0m] Started udev Coldplug all Devices.
[[0;32m  OK  [0m] Started udev Kernel Device Manager.
[[0;32m  OK  [0m] Started Dispatch Password Requests to Console Directory Watch.
[[0;32m  OK  [0m] Started Monitoring of LVM2 mirrors,...ng dmeventd or progress polling.
[[0;32m  OK  [0m] Reached target Local File Systems (Pre).
[[0;32m  OK  [0m] Reached target Local File Systems.
         Starting Set console font and keymap...
         Starting Commit a transient machine-id on disk...
         Starting Tell Plymouth To Write Out Runtime Data...
         Starting Create Volatile Files and Directories...
         Starting LSB: AppArmor initialization...
         Starting Initial cloud-init job (pre-networking)...
[[0;32m  OK  [0m] Started Create Volatile Files and Directories.
         Starting Update UTMP about System Boot/Shutdown...
[[0;32m  OK  [0m] Started Update UTMP about System Boot/Shutdown.
[[0;32m  OK  [0m] Found device /dev/ttyS0.
[[0;32m  OK  [0m] Started Commit a transient machine-id on disk.
[[0;32m  OK  [0m] Started Tell Plymouth To Write Out Runtime Data.
[[0;32m  OK  [0m] Listening on Load/Save RF Kill Switch Status /dev/rfkill Watch.
[[0;32m  OK  [0m] Started LSB: AppArmor initialization.
[    6.587729] cloud-init[546]: Cloud-init v. 21.1-19-gbad84ad4-0ubuntu1~16.04.2 running 'init-local' at Wed, 10 May 2023 13:14:05 +0000. Up 6.19 seconds.
         Starting Load AppArmor profiles managed internally by snapd...
[[0;32m  OK  [0m] Started Set console font and keymap.
[[0;32m  OK  [0m] Started Load AppArmor profiles managed internally by snapd.
[[0;32m  OK  [0m] Started Initial cloud-init job (pre-networking).
[[0;32m  OK  [0m] Reached target Network (Pre).
         Starting Raise network interfaces...
[[0;32m  OK  [0m] Created slice system-getty.slice.
[[0;32m  OK  [0m] Started Raise network interfaces.
[[0;32m  OK  [0m] Reached target Network.
         Starting Initial cloud-init job (metadata service crawler)...
[    8.061700] cloud-init[975]: Cloud-init v. 21.1-19-gbad84ad4-0ubuntu1~16.04.2 running 'init' at Wed, 10 May 2023 13:14:07 +0000. Up 7.42 seconds.
[    8.062996] cloud-init[975]: ci-info: ++++++++++++++++++++++++++++++++++++++Net device info+++++++++++++++++++++++++++++++++++++++
[    8.064796] cloud-init[975]: ci-info: +--------+-------+----------------------------+---------------+--------+-------------------+
[    8.072992] cloud-init[975]: ci-info: | Device |   Up  |          Address           |      Mask     | Scope  |     Hw-Address    |
[    8.088986] cloud-init[975]: ci-info: +--------+-------+----------------------------+---------------+--------+-------------------+
[    8.096237] cloud-init[975]: ci-info: | enp0s3 |  True |         10.0.2.15          | 255.255.255.0 | global | 02:be:82:6b:cc:1d |
[[0;32m  OK  [0m] Started Initial cloud-init job (metadata service crawler).
[    8.096384] cloud-init[975]: ci-info: | enp0s3 |  True | fe80::be:82ff:fe6b:cc1d/64 |       .       |  link  | 02:be:82:6b:cc:1d |
[    8.116330] cloud-init[975]: ci-info: | enp0s8 | False |             .              |       .       |   .    | 08:00:27:e2:a0:69 |
[    8.116500] cloud-init[975]: ci-info: |   lo   |  True |         127.0.0.1          |   255.0.0.0   |  host  |         .         |
[[0;32m  OK  [0m] Reached target System Initialization.
[    8.116544] cloud-init[975]: ci-info: |   lo   |  True |          ::1/128           |       .       |  host  |         .         |
[    8.128245] cloud-init[975]: ci-info: +--------+-------+----------------------------+---------------+--------+-------------------+
[    8.128433] cloud-init[975]: ci-info: +++++++++++++++++++++++++++Route IPv4 info++++++++++++++++++++++++++++
         Starting LXD - unix socket.
[    8.128480] cloud-init[975]: ci-info: +-------+-------------+----------+---------------+-----------+-------+
[[0;32m  OK  [0m[    8.130765] ] cloud-initListening on D-Bus System Message Bus Socket.[975]: 
ci-info: | Route | Destination | Gateway  |    Genmask    | Interface | Flags |
[    8.133025] cloud-init[975]: ci-info: +-------+-------------+----------+---------------+-----------+-------+
[    8.133225] [cloud-init[0;32m  OK  [0m[975]: ] ci-info: |   0   |   0.0.0.0   | 10.0.2.2 |    0.0.0.0    |   enp0s3  |   UG  |Started Message of the Day.

[[    8.133259] [0;32m  OK  [0mcloud-init] [975]: Started Daily apt download activities.ci-info: |   1   |   10.0.2.0  | 0.0.0.0  | 255.255.255.0 |   enp0s3  |   U   |

[    8.142561] cloud-init[975]: ci-info: +-------+-------------+----------+---------------+-----------+-------+
[    8.142753] cloud-init[975]: ci-info: +++++++++++++++++++Route IPv6 info+++++++++++++++++++
[    8.143130] cloud-init[975]: ci-info: +-------+-------------+---------+-----------+-------+
[    8.143511] cloud-init[975]: ci-info: | Route | Destination | Gateway | Interface | Flags |
[    8.143748] cloud-init[975]: ci-info: +-------+-------------+---------+-----------+-------+
[    8.143991] cloud-init[975]: ci-info: |   0   |  fe80::/64  |    ::   |   enp0s3  |   U   |
[    8.144332] cloud-init[975]: ci-info: |   3   |   ff00::/8  |    ::   |   enp0s3  |   U   |
[    8.144660] cloud-init[975]: ci-info: +-------+-------------+---------+-----------+-------+
[    8.144900] cloud-init[975]: Generating public/private rsa key pair.
[    8.144964] cloud-init[975]: Your identification has been saved in /etc/ssh/ssh_host_rsa_key.
[    8.144994] cloud-init[975]: Your public key has been saved in /etc/ssh/ssh_host_rsa_key.pub.
[    8.145094] cloud-init[975]: The key fingerprint is:
[[0;32m  OK  [0m] Started Daily apt upgrade and clean activities.
[[    8.145234] [0;32m  OK  [0mcloud-init] [975]: Listening on UUID daemon activation socket.SHA256:SFZuvl76C/5iJJgF3MYcPwDswSjCwj5+sBJ/fOnpFXQ root@ubuntu-xenial

[    8.153186] cloud-init[975]: The key's randomart image is:
[    8.153369] cloud-init[975]: +---[RSA 2048]----+
[[0;32m  OK  [0m] Listening on ACPID Listen Socket.
[    8.153474] cloud-init[975]: |o  =.=o..        |
[    8.155387] cloud-init[975]: |+o. * ==         |
[    8.155498] cloud-init[[975]: [0;32m  OK  [0m|+. . +o * E      |] 
Started Ubuntu Advantage update messaging.
[    8.155538] cloud-init[975]: |.+  .o.= o       |
[    8.157441] cloud-init[975]: |.o+. +..S        |
[    8.158106] cloud-init[975]: |.o..= + .o       |
[    8.158299] cloud-init[[975]: [0;32m  OK  [0m|. .. o ++ .      |] 
Started ACPI Events Check.
[    8.158340] cloud-init[975]: |      o+o+       |
[    8.159674] cloud-init[[975]: [0;32m  OK  [0m|     ...+++.     |] 
Reached target Paths.
[    8.159711] cloud-init[975]: +----[SHA256]-----+
[    8.161033] cloud-init[[975]: [0;32m  OK  [0mGenerating public/private dsa key pair.] 
Started Daily Cleanup of Temporary Directories.
[    8.161067] cloud-init[975]: Your identification has been saved in /etc/ssh/ssh_host_dsa_key.
[    8.162671] cloud-init[[975]: [0;32m  OK  [0mYour public key has been saved in /etc/ssh/ssh_host_dsa_key.pub.] 
Reached target Timers.
         Starting Socket activation for snappy daemon.
[    8.162704] cloud-init[975]: The key fingerprint is:
[    8.173265] cloud-init[975]: SHA256:t91vbn9S+O1hN/RxzIYFZbrN58CA3jltrO+KpZtdxBM root@ubuntu-xenial
[    8.173452] cloud-init[975]: The key's randomart image is:
[[0;32m  OK  [0m] Reached target Network is Online.
[    8.173721] cloud-init[975]: +---[DSA 1024]----+
[    8.175970] cloud-init[975]: |              ..o|
[    8.176931] cloud-init[975]: |           .   + |
[    8.177623] cloud-init[975]: |          . . E .|
[    8.178446] cloud-init[975]: |         . . B X |
[    8.179201] cloud-init[975]: |        S o + %+O|
[    8.185477] cloud-init[975]: |         . o *o=*|
[    8.186489] cloud-init         Starting iSCSI initiator daemon (iscsid)...
[[0;32m  OK  [0m] Reached target Cloud-config availability.
[[0;32m  OK  [0m] Listening on LXD - unix socket.
[[0;32m  OK  [0m] Listening on Socket activation for snappy daemon.
[975]: |          . + o*=|
[    8.199425] cloud-init[975]: |           * oo.X|
[    8.199555] cloud-init[975]: |          =.ooo*B|
[    8.199835] cloud-init[975]: +----[SHA256]-----+
[    8.200004] cloud-init[975]: Generating public/private ecdsa key pair.
[    8.200359] cloud-init[975]: Your identification has been saved in /etc/ssh/ssh_host_ecdsa_key.
[    8.200551] cloud-init[975]: Your public key has been saved in /etc/ssh/ssh_host_ecdsa_key.pub.
[    8.200694] cloud-init[975]: The key fingerprint is:
[    8.200813] cloud-init[975]: SHA256:I35kp0eJMRTPsOowssC+6C24T1PUjXGcwVwhU/lVk1s root@ubuntu-xenial
[[0;32m  OK  [0m] Reached target Sockets.
[[    8.201026] cloud-init[975]: The key's randomart image is:
[    8.204714] cloud-init[975]: +---[ECDSA 256]---+
[0;32m  OK  [0m] Reached target Basic System.
[    8.204960] cloud-init[975]: |      .+O*+o   oo|
[    8.216219] cloud-init[975]: |     . *=B.   ..E|
[    8.224498] cloud-init[975]: |    . o = o. .  o|
[    8.225134] cloud-init[975]: |.  .   . + ..  . |
[    8.232538] cloud-init[975]: |... + o S +      |
[[0;32m  OK  [0m] Started Deferred execution scheduler.
[    8.441561] cloud-init[975]: |.. + = + =       |
[    8.448776] cloud-init[975]: |..+   o o .      |
[    8.456878] [[0;32m  OK  [0m] Started FUSE filesystem for LXC.
cloud-init[975]: |ooo.   . .       |
[    8.459533] cloud-init         Starting Pollinate to seed the pseudo random number generator...
[975]: |+=o.             |
         Starting Virtualbox guest utils...
[    8.467322] cloud-init[975]: +----[SHA256]-----+
         Starting Login Service...
[[0;32m  OK  [0m] Started D-Bus System Message Bus.
[    8.486551] cloud-init[975]: Generating public/private ed25519 key pair.
[    8.493428] cloud-init[975]: Your identification has been saved in /etc/ssh/ssh_host_ed25519_key.
[    8.494731] cloud-init[975]: Your public key has been saved in /etc/ssh/ssh_host_ed25519_key.pub.
[    8.495921] cloud-init[975]: The key fingerprint is:
[    8.498855] cloud-init[975]: SHA256:rZLvVu/Fjl3/I56ERLTxQvQsDaQu5mPuSea2ZSSfmSg root@ubuntu-xenial
[    8.501101] cloud-init[975]: The key's randomart image is:
[    8.502439] cloud-init[975]: +--[ED25519 256]--+
[    8.503617] cloud-init[975]: |          oB     |
[    8.512642] cloud-init[975]: |          + O    |
         Starting LSB: MD monitoring daemon...
[    8.520790] cloud-init[975]: |         . = =   |
[    8.521747] [[0;32m  OK  [0m] Started Regular background program processing daemon.
cloud-init[975]: |        ... o    |
         Starting Accounts Service...
         Starting LSB: Record successful boot for GRUB...
[    8.523216] cloud-init         Starting System Logging Service...
         Starting /etc/rc.local Compatibility...
[975]: |       +So..     |
[    8.527228] cloud-init[975]: |      o.*.* ..   |[[0;32m  OK  [0m] Started ACPI event daemon.
         Starting Snap Daemon...
         Starting LXD - container startup/shutdown...
[[0;32m  OK  [0m] Started /etc/rc.local Compatibility.

[[0;32m  OK  [0m] Started iSCSI initiator daemon (iscsid).
[[0;32m  OK  [0m] Started System Logging Service.
[    8.551383] cloud-init[975]: |     EoB.O o .o .|
[    8.558139] cloud-init[975]: |      B+*   o*.o.|
[    8.559367] cloud-init[975]: |      oO+  .+o+ =|
[    8.561931] cloud-init[975]: +----[SHA256]-----+
         Starting Login to default iSCSI targets...
[[0;32m  OK  [0m] Started Login Service.
[[0;32m  OK  [0m] Started Unattended Upgrades Shutdown.
[[0;32m  OK  [0m] Started Login to default iSCSI targets.
[[0;32m  OK  [0m] Reached target Remote File Systems (Pre).
[[0;32m  OK  [0m] Reached target Remote File Systems.
         Starting LSB: automatic crash report generation...
         Starting LSB: daemon to balance interrupts for SMP systems...
         Starting LSB: Set the CPU Frequency Scaling governor to "ondemand"...
         Starting Permit User Sessions...
[[0;32m  OK  [0m] Started LSB: Record successful boot for GRUB.
[[0;32m  OK  [0m] Started Permit User Sessions.
         Starting Terminate Plymouth Boot Screen...
         Starting Hold until boot process finishes up...
[[0;32m  OK  [0m] Started Hold until boot process finishes up.
         Starting Set console scheme...
[[0;32m  OK  [0m] Started Getty on tty1.
[[0;32m  OK  [0m] Started Serial Getty on ttyS0.
[[0;32m  OK  [0m] Reached target Login Prompts.
[[0;32m  OK  [0m] Started Terminate Plymouth Boot Screen.
[[0;32m  OK  [0m] Started Set console scheme.
[[0;32m  OK  [0m] Started LSB: Set the CPU Frequency Scaling governor to "ondemand".
         Starting Authenticate and Authorize Users to Run Privileged Tasks...
[[0;32m  OK  [0m] Started LSB: MD monitoring daemon.
[[0;32m  OK  [0m] Started LSB: daemon to balance interrupts for SMP systems.
[[0;32m  OK  [0m] Started LXD - container startup/shutdown.
[[0;32m  OK  [0m] Started Authenticate and Authorize Users to Run Privileged Tasks.
[[0;32m  OK  [0m] Started Accounts Service.
[[0;32m  OK  [0m] Started Virtualbox guest utils.
[[0;32m  OK  [0m] Started LSB: automatic crash report generation.
[[0;32m  OK  [0m] Started Snap Daemon.
         Starting Wait until snapd is fully seeded...
[[0;32m  OK  [0m] Started Pollinate to seed the pseudo random number generator.
         Starting OpenBSD Secure Shell server...
[[0;32m  OK  [0m] Started OpenBSD Secure Shell server.
[[0;32m  OK  [0m] Started Wait until snapd is fully seeded.
         Starting Apply the settings specified in cloud-config...
[[0;32m  OK  [0m] Reached target Multi-User System.
[[0;32m  OK  [0m] Reached target Graphical Interface.
         Starting Update UTMP about System Runlevel Changes...
[[0;32m  OK  [0m] Started Update UTMP about System Runlevel Changes.
[    9.842269] cloud-init[1320]: Generating locales (this might take a while)...
[   10.535669] cloud-init[1320]:   en_US.UTF-8... done
[   10.538188] cloud-init[1320]: Generation complete.
[   10.802132] cloud-init[1320]: Cloud-init v. 21.1-19-gbad84ad4-0ubuntu1~16.04.2 running 'modules:config' at Wed, 10 May 2023 13:14:09 +0000. Up 9.76 seconds.
[[0;32m  OK  [0m] Started Apply the settings specified in cloud-config.
         Starting Execute cloud user/final scripts...
ci-info: no authorized SSH keys fingerprints found for user ubuntu.
<14>May 10 13:14:10 ec2: 
<14>May 10 13:14:10 ec2: #############################################################
<14>May 10 13:14:10 ec2: -----BEGIN SSH HOST KEY FINGERPRINTS-----
<14>May 10 13:14:10 ec2: 1024 SHA256:t91vbn9S+O1hN/RxzIYFZbrN58CA3jltrO+KpZtdxBM root@ubuntu-xenial (DSA)
<14>May 10 13:14:10 ec2: 256 SHA256:I35kp0eJMRTPsOowssC+6C24T1PUjXGcwVwhU/lVk1s root@ubuntu-xenial (ECDSA)
<14>May 10 13:14:10 ec2: 256 SHA256:rZLvVu/Fjl3/I56ERLTxQvQsDaQu5mPuSea2ZSSfmSg root@ubuntu-xenial (ED25519)
<14>May 10 13:14:10 ec2: 2048 SHA256:SFZuvl76C/5iJJgF3MYcPwDswSjCwj5+sBJ/fOnpFXQ root@ubuntu-xenial (RSA)
<14>May 10 13:14:10 ec2: -----END SSH HOST KEY FINGERPRINTS-----
<14>May 10 13:14:10 ec2: #############################################################
-----BEGIN SSH HOST KEY KEYS-----
ecdsa-sha2-nistp256 AAAAE2VjZHNhLXNoYTItbmlzdHAyNTYAAAAIbmlzdHAyNTYAAABBBOlsuiUw6BqNgs8PHRJDXhAF3PHRMxyzrbRkKHpscd4NWdu4j6BdE0OY6k3PEUNYBshfBg0/AxeWQ8pwu9OzmE4= root@ubuntu-xenial
ssh-ed25519 AAAAC3NzaC1lZDI1NTE5AAAAIIryaIzJmOhWCwYWd9+c8cYZl0OrwtnnDlJF8mLDvmep root@ubuntu-xenial
ssh-rsa AAAAB3NzaC1yc2EAAAADAQABAAABAQDkWV0IsxLlOmBV4Xi//cJKZlBTblXAuh9yuA5XEM27v1jCw4zE/yG6Ax2L7QWbjTciCCDnSAo6IT2Ldjmt0vK1Hrm9X9MzC978jhOzFOejNbOW+rGTdlH/u9yVQfzEJUetWkJxckc7qplrMfUQqe/UAu3MYVXy3fduA7tyAKtn0aCVWubqvnxTg238q9l7X3Mq8VgaAn2T73kfJmxx21DEz1Xq3x+4R2PMh9SmDA4AWk9L3Txy23THxHcEot1tlIVKrptdye5cfEZmjMvXt0iRQ0hc/UBwqo6A0iYIw+VgNFLY3ueuDvcOH7Iv0wledSjmmiBMkgEK3Pt6XpAQ6FlN root@ubuntu-xenial
-----END SSH HOST KEY KEYS-----
[   11.249183] cloud-init[1363]: Cloud-init v. 21.1-19-gbad84ad4-0ubuntu1~16.04.2 running 'modules:final' at Wed, 10 May 2023 13:14:10 +0000. Up 11.12 seconds.
[   11.250801] cloud-init[1363]: ci-info: no authorized SSH keys fingerprints found for user ubuntu.
[   11.252102] cloud-init[1363]: Cloud-init v. 21.1-19-gbad84ad4-0ubuntu1~16.04.2 finished at Wed, 10 May 2023 13:14:10 +0000. Datasource DataSourceNoCloud [seed=/dev/sdb][dsmode=net].  Up 11.24 seconds
[[0;32m  OK  [0m] Started Execute cloud user/final scripts.
[[0;32m  OK  [0m] Reached target Cloud-init target.

Ubuntu 16.04.7 LTS ubuntu-xenial ttyS0

ubuntu-xenial login: 